 MRK M_P SD_P M_XtX SD_XtX XtXst log10(1/pval)
       1   0.50525250   0.07027292  61.02564512   7.71475206  87.28239196   2.50099687
       2   0.60612258   0.07280262  50.62862563   8.05501909  60.35156733   0.39901898
       3   0.26397891   0.05862928  60.49906874   8.88483044  82.59353701   2.05437177
       4   0.85971244   0.04091480  47.58424714   9.00685008  47.05704467   0.17812009
       5   0.20732485   0.05882291  48.32909363   8.96314397  49.53945788   0.06674233
       6   0.35925923   0.07665302  50.41185280   7.79581805  59.50477686   0.35403725
       7   0.73922819   0.07259930  44.87633822   8.48899765  47.71675635   0.14618708
       8   0.17821337   0.05218782  50.13487669   9.90773552  60.68251866   0.41700643
       9   0.16617087   0.03998270  55.37592604   9.29967546  66.31695183   0.75712069
      10   0.14743093   0.04551625  45.45995712   9.23426519  39.72982282   0.67258637
      11   0.19301235   0.05492077  44.99925891   8.69593341  41.49259027   0.52709700
      12   0.05251902   0.02394461  52.00017852  10.08484522  44.41095240   0.32510245
      13   0.34822752   0.06710402  61.17262830   9.31199877  81.07909166   1.91641398
      14   0.32684570   0.07204591  46.12910450   8.22152516  50.35094345   0.03524105
      15   0.06108448   0.02134613  51.08823263   9.85434281  33.76102113   1.32872838
      16   0.69806828   0.07168760  49.16966950   7.61445554  59.90534379   0.37512801
      17   0.07495820   0.02517588  46.47925524   9.53907794  39.52758374   0.69052387
      18   0.67006824   0.07317884  54.98520601   8.08765847  74.81565318   1.38131436
      19   0.76966985   0.06921850  48.62088299   8.54843245  50.13658773   0.04334246
      20   0.07469892   0.02941877  46.81042662   8.99667123  42.02862168   0.48652936
      21   0.19734657   0.05550407  46.76824374   8.24129323  50.74969547   0.02057922
      22   0.18097970   0.05497519  43.04245706   8.63870514  38.23903713   0.81124078
      23   0.19877052   0.05486235  52.94208241   9.22576970  73.74991996   1.29629691
      24   0.01613103   0.00944299  47.82757703   9.81405993  27.31019889   2.42469162
      25   0.50717497   0.07019967  48.91635792   7.14385144  56.53364162   0.20829099
      26   0.35299903   0.06725200  49.99998575   8.42253882  59.84800779   0.37208845
      27   0.17335611   0.04798508  45.72239809   8.91137278  49.90456781   0.05228784
      28   0.36219762   0.07644327  55.92956733   8.94454991  73.53258947   1.27918593
      29   0.65913996   0.07480066  48.31646413   8.83012019  50.33326453   0.03590335
      30   0.16950078   0.04823922  45.85140538   9.30639717  41.55598869   0.52221284
      31   0.19593370   0.05262264  49.41897036   8.64177453  51.71161383   0.01305776
      32   0.21703052   0.05359531  43.41748569   8.64522504  40.82290363   0.58013394
      33   0.42249167   0.07921480  43.13978044   8.43097584  39.37996618   0.70378562
      34   0.35844233   0.07672101  57.13694027   8.66351005  72.02842748   1.16289959
      35   0.40653167   0.07762458  49.40037258   8.73616008  54.46699757   0.11826584
      36   0.65837313   0.07088128  52.32501921   8.21131691  61.68224604   0.47271714
      37   0.30917674   0.08729911  43.25622230   8.19640286  37.02212527   0.93603327
      38   0.28967060   0.07226885  47.50732672   8.90515147  48.75387696   0.09945763
      39   0.52208107   0.08178942  44.18288558   7.61126274  46.20869589   0.22184555
      40   0.86042330   0.04735847  57.51202917  10.25147018  65.72021637   0.71816015
      41   0.61236061   0.07583112  50.59782257   8.31818159  57.48838409   0.25304924
      42   0.12897739   0.03372142  58.68670421   9.05574518  66.69746829   0.78231519
      43   0.42312627   0.07791484  52.98270293   7.15529208  73.98418355   1.31482744
      44   0.08108016   0.02848093  50.71629693   9.48647745  46.34285889   0.21472548
      45   0.66067952   0.07237599  50.03356623   7.55063379  58.94504989   0.32513391
      46   0.29556321   0.06310077  52.41200887   9.53824891  63.86681782   0.60151073
      47   0.11022952   0.03480486  49.39586655   9.27442761  42.72956174   0.43591404
      48   0.21101074   0.05399533  45.46024640   8.56314492  39.92033603   0.65593092
      49   0.19231637   0.04702645  47.47787418   8.42872734  53.07876474   0.06312823
      50   0.73490663   0.06623330  44.24070797   8.65611746  39.89423067   0.65819938
      51   0.63681338   0.07296248  49.47402333   8.03828469  50.58977663   0.02639611
      52   0.53653329   0.08475735  45.01179026   7.71592923  47.25742818   0.16823330
      53   0.75266955   0.06091166  46.79829941   8.52082636  48.08973167   0.12890383
      54   0.70743194   0.07070079  44.03477124   8.72793784  44.25186142   0.33497443
      55   0.18188018   0.04974079  50.73136949   9.10655221  57.59417789   0.25813076
      56   0.59432390   0.07464977  51.16963489   7.33766249  64.62367991   0.64834165
      57   0.37237460   0.08551875  44.24701511   7.49467090  45.79536825   0.24427802
      58   0.50712023   0.08582053  44.17650969   8.22044306  45.17359897   0.27947116
      59   0.08157314   0.04286954  49.26683358   9.39585020  44.78676571   0.30227018
      60   0.63401041   0.07422664  51.59533017   8.05429784  62.11151499   0.49726670
      61   0.23243400   0.05717513  52.46905812   8.72235589  64.67094564   0.65130330
      62   0.37506953   0.08024800  52.34298556   8.30243221  63.79261645   0.59697998
      63   0.34958608   0.09088931  52.86378236   8.44937103  54.12974131   0.10447423
      64   0.88574557   0.03886752  58.78252040   9.88792370  66.66959030   0.78046014
      65   0.03047125   0.01589073  50.05151824  10.03451465  40.07833817   0.64229387
      66   0.56703636   0.07655968  46.95332441   7.35577679  53.78165789   0.09050637
      67   0.01547901   0.00870286  49.95706323   9.92955747  33.69774637   1.33727082
      68   0.35006224   0.07337308  46.83480578   9.08699795  47.07630229   0.17716274
      69   0.47039672   0.07649840  53.04974198   8.46803517  64.01639413   0.61067684
      70   0.11633489   0.04212528  49.63609852   9.47127533  52.96167952   0.05867544
      71   0.33649259   0.07884997  47.95045086   7.66308881  45.83179021   0.24227083
      72   0.22711397   0.05630829  53.61519650   9.10918044  54.36954049   0.11425439
      73   0.95237390   0.02365150  50.46582386   9.71027385  43.80069877   0.36365185
      74   0.59978044   0.07497950  49.85754155   8.22357947  58.34468481   0.29487268
      75   0.15841019   0.04354507  54.63439919   9.07651926  66.15112661   0.74622642
      76   0.04445625   0.02103599  48.11374181   9.04450530  41.56923137   0.52119558
      77   0.55950863   0.07174749  55.66368876   8.28708892  76.40340040   1.51132875
      78   0.70657071   0.07040296  41.22204077   7.22621710  41.06870519   0.56035763
      79   0.03201679   0.02059096  51.76028319   9.31548567  24.10437962   3.18303915
      80   0.15047647   0.04450268  49.65902443   8.93754595  57.56314778   0.25663780
      81   0.09858960   0.03109103  46.88555318   9.59953387  35.66154955   1.08899090
      82   0.11643943   0.04062686  50.36221332   9.24998963  50.61312658   0.02554153
      83   0.27684494   0.06420818  51.26527854   8.37048309  61.91929083   0.48622720
      84   0.30665465   0.08178107  48.32290444   8.13925385  51.81040005   0.01653461
      85   0.14764247   0.05495854  47.25659784   9.45354804  44.09918087   0.34456578
      86   0.52144414   0.07897040  59.69135324   9.39964116  77.77145778   1.62648787
      87   0.37498831   0.07047267  53.26950453   8.35550767  64.32519714   0.62973927
      88   0.25186358   0.07227642  46.59543132   8.86153168  50.79363025   0.01899581
      89   0.24776934   0.06131999  57.51050769   9.67933773  70.55212900   1.05248165
      90   0.39968635   0.07597942  48.64195600   8.19297305  54.52360668   0.12060566
      91   0.57388277   0.08786515  46.04041606   8.19138346  43.46159704   0.38588265
      92   0.51964833   0.07894585  49.87405372   8.28321966  62.25637276   0.50563545
      93   0.37358506   0.07581085  46.61398432   8.36336920  51.74555854   0.01424999
      94   0.19477204   0.05688165  44.91090976   8.76626953  43.95750184   0.35356959
      95   0.13599679   0.04527052  46.92080285   9.45445307  37.75678648   0.85939574
      96   0.59543974   0.07774125  41.73600058   7.66926717  44.11291706   0.34369815
      97   0.37779489   0.07550530  46.70853185   8.39007530  52.68957455   0.04844622
      98   0.76546949   0.05492341  47.78348983   8.38766302  45.46236461   0.26290691
      99   0.42069857   0.07917422  53.20835469   9.93139849  68.71689944   0.92051223
     100   0.29428234   0.07730487  43.01638517   7.62755066  41.01717444   0.56447357
     101   0.03998624   0.02428723  53.27691238   9.86288654  36.10302651   1.03773554
     102   0.80586849   0.05733420  45.97339655   9.20376496  48.10059271   0.12840870
     103   0.17732846   0.04897770  53.83567916   9.62805405  57.67147868   0.26185900
     104   0.01843839   0.01188552  50.34164463   9.68266874  36.67962044   0.97315917
     105   0.39347435   0.07183940  55.99598310   8.47264731  75.03604029   1.39912314
     106   0.57861989   0.09009521  40.16661190   6.96668102  39.79224665   0.66710329
     107   0.03793528   0.01754927  51.73627158   9.80721683  33.39363086   1.37885738
     108   0.02949621   0.01254935  50.68186138   9.30066505  37.89711667   0.84521032
     109   0.28464571   0.06662358  51.75679351   8.90291329  60.04533778   0.38257850
     110   0.49520555   0.08678929  46.33074089   7.81254871  52.82089356   0.05336210
     111   0.05668420   0.02719971  50.59060646   9.99889898  52.00733038   0.02353135
     112   0.71195008   0.07719238  44.14492155   8.19546117  43.23235657   0.40124681
     113   0.43239511   0.08751958  46.33328575   8.84950793  52.52108352   0.04219568
     114   0.88127417   0.03786986  46.70635278   9.49419170  50.34139222   0.03559873
     115   0.43676213   0.08362722  42.72334898   7.64723768  39.40431189   0.70158856
     116   0.38508714   0.07114653  51.38442812   9.56592239  61.86478088   0.48311034
     117   0.62331222   0.07356562  46.82637832   8.42365981  44.07822698   0.34589111
     118   0.61601793   0.08767790  42.15269079   7.63745179  40.36915137   0.61760616
     119   0.62264673   0.07986132  40.11420065   7.02647874  35.22838843   1.14085495
     120   0.59181590   0.08265680  49.05377452   9.10060109  54.32004977   0.11222541
     121   0.11123586   0.03723533  48.85281449   9.66041433  40.72015619   0.58850873
     122   0.27613927   0.07334262  42.94290653   7.36960952  43.61087095   0.37602412
     123   0.16713912   0.04489790  52.72389855   8.53484722  68.86122967   0.93067387
     124   0.12170504   0.04188018  53.10635240   9.40290433  55.33938841   0.15511578
     125   0.24788429   0.06685557  44.58234517   8.38225412  50.02510571   0.04761753
     126   0.65087809   0.07687058  49.63354092   8.26312910  59.87389423   0.37345992
     127   0.22968984   0.05337486  41.54315674   8.36674259  39.61689392   0.68256972
     128   0.39059674   0.07594611  47.08370641   8.52174974  51.74438621   0.01420877
     129   0.66958786   0.07635292  40.19378117   7.79428177  36.84646281   0.95496118
     130   0.01881899   0.01735514  53.02498072  10.18620020  24.60274440   3.05349872
     131   0.22504290   0.05722320  47.12977821   9.08852860  45.83055182   0.24233898
     132   0.06724817   0.02724567  53.39617170   9.54794937  36.48699006   0.99444004
     133   0.16290646   0.05222309  49.98876413   9.11802821  58.92550843   0.32413683
     134   0.58499762   0.08275116  48.70095111   8.68759985  54.48042365   0.11882013
     135   0.02363634   0.00818924  49.88526189   9.54620767  38.49507010   0.78634719
     136   0.30663476   0.07336393  46.24952402   7.70573729  49.97316137   0.04962401
     137   0.53104987   0.07204275  53.11094651   7.58662788  69.70223625   0.99062619
     138   0.08579494   0.03978788  54.54640056   9.75211772  48.57154188   0.10737529
     139   0.09051682   0.02939379  44.41643593   9.14926843  37.08115526   0.92972569
     140   0.36547471   0.07565294  55.84041195   8.75221739  72.44114118   1.19443083
     141   0.20093017   0.04710285  55.34897983   9.12184286  70.38873707   1.04049181
     142   0.35155861   0.07631477  47.84766221   8.08151072  49.62241577   0.06341705
     143   0.74628878   0.06461733  48.19462761   9.32034958  49.40772793   0.07207269
     144   0.82281272   0.05044359  42.90348216   8.70017325  34.62703543   1.21552398
     145   0.90993694   0.02967687  46.87821661   9.33219753  41.82931965   0.50142110
     146   0.20364883   0.05299077  47.13413665   8.70442660  48.00613768   0.13273005
     147   0.16404987   0.04463713  49.92434047   8.84581220  59.84113104   0.37172436
     148   0.31956287   0.07969251  45.60056351   8.48101506  42.74874140   0.43456685
     149   0.20965960   0.06105729  45.86814921   8.85255400  52.23926706   0.03188386
     150   0.06341580   0.02132585  50.89141760  10.31240924  45.98172245   0.23407046
     151   0.29135234   0.06888723  52.12240362   8.97870215  53.14848155   0.06579422
     152   0.68719941   0.06943645  48.22685081   8.08537476  57.70489377   0.26347462
     153   0.42903141   0.08043317  49.61791925   7.83722455  58.25129675   0.29023476
     154   0.15391863   0.03991473  50.57651863   8.98302184  58.68125353   0.31174256
     155   0.10801928   0.03478329  47.43397078   9.11309032  45.00096461   0.28955878
     156   0.70519616   0.07113090  49.02193992   8.40037922  50.37109845   0.03448728
     157   0.90646469   0.03113891  51.23198210   9.82938438  48.43128898   0.11355073
     158   0.79818990   0.05499992  50.56285141   8.41281388  66.18729444   0.74859812
     159   0.06494555   0.02455618  55.45879761   9.84719248  45.09201119   0.28422124
     160   0.57718255   0.07958294  48.98791819   8.70718455  54.24477876   0.10914999
     161   0.02951427   0.01468235  51.42156638   9.73256118  42.90130760   0.42392097
     162   0.59872593   0.06969287  55.76588925   8.55383859  70.77049241   1.06857777
     163   0.78990332   0.05529090  49.85698745   8.54737576  61.13414577   0.44191897
     164   0.19720886   0.05837972  40.06899845   8.42148834  31.54414923   1.65158666
     165   0.48172555   0.08034080  55.33159251   8.39110154  70.59666792   1.05575801
     166   0.58532321   0.08079083  52.82574454   8.15134218  60.85367120   0.42639788
     167   0.62636770   0.07213395  66.80290958  11.07623967  89.16351732   2.68803699
     168   0.07787496   0.03345627  49.22850527   9.65553086  37.63346928   0.87197992
     169   0.12347728   0.04777118  51.59333913   9.54286965  63.73589859   0.59352409
     170   0.24506909   0.06163466  52.38369478   8.62130474  56.31315822   0.19823765
     171   0.19765235   0.05279511  45.98705988   8.42560355  51.04467771   0.01006823
     172   0.65732666   0.06461935  58.04510010   8.72020154  71.89773176   1.15297431
     173   0.06578615   0.02824374  49.81730773   9.72625661  46.74929742   0.19362887
     174   0.87382313   0.04293422  46.80711688   8.86336914  46.48148046   0.20745067
     175   0.60228923   0.06872917  51.90260032   8.24485006  62.96686320   0.54729487
     176   0.49601431   0.08854206  41.76945798   7.40440749  38.69393241   0.76732790
     177   0.31831145   0.07406302  50.91080021   8.44785848  49.61997314   0.06351461
     178   0.26429376   0.08238666  48.16585918   8.37090178  54.79068849   0.13174120
     179   0.63437634   0.07286272  57.31301643   8.54409278  70.64188950   1.05908811
     180   0.29026318   0.06803576  42.74589738   8.50292113  37.02956415   0.93523693
     181   0.12094735   0.04254794  51.74068656   9.39127242  41.54587864   0.52299015
     182   0.20698064   0.05746233  61.39337920  10.23383140  70.78566694   1.06969940
     183   0.28185397   0.05980904  53.43807021   9.27716040  66.55231503   0.77267234
     184   0.83626902   0.04625861  47.15859403   9.55668022  50.35577316   0.03506030
     185   0.86350111   0.04986231  51.02258340   9.02150160  53.45986279   0.07783471
     186   0.08298457   0.02484991  47.54130456   9.86741514  35.97740816   1.05215751
     187   0.58589764   0.08177336  50.79090877   8.48045445  60.14684762   0.38800652
     188   0.79847794   0.05830137  40.86079777   8.40016254  36.87613677   0.95174712
     189   0.12596571   0.03907107  49.90513832   8.97719134  47.77548154   0.14342946
     190   0.31495851   0.06797351  48.25223559   8.56147709  55.28148271   0.15261749
     191   0.14932879   0.04196376  46.77675207   9.08758486  51.24005015   0.00326051
     192   0.71459189   0.07026592  45.79284921   7.94018082  49.48451934   0.06895788
     193   0.14999120   0.04222136  54.10950746   9.73664197  64.42503972   0.63594245
     194   0.11515555   0.03387563  47.28373310   9.49483830  38.11881204   0.82308978
     195   0.06344278   0.02546294  49.89914285   9.64445738  36.74545737   0.96595234
     196   0.70680945   0.06517008  54.26787287   8.75978943  66.47748889   0.76771691
     197   0.11768081   0.03327216  50.16793514   9.18642205  44.95159769   0.29246917
     198   0.82594761   0.05149415  56.00770638   9.53073960  54.48157636   0.11886774
     199   0.79216479   0.05385968  41.35995940   8.11383510  43.24134364   0.40063932
     200   0.51288204   0.08003683  49.14774668   8.59845056  52.13264202   0.02802903
     201   0.35503603   0.07784807  40.78581852   7.62502837  36.47764562   0.99547979
     202   0.35166873   0.07465749  49.93301318   7.58124800  58.84238703   0.31990472
     203   0.11503363   0.03665453  53.32977398   9.42177178  55.44845885   0.15984171
     204   0.13426944   0.03532062  50.07528076   9.28614143  50.61924999   0.02531772
     205   0.49361944   0.08233445  51.94750536   8.56492253  68.91623169   0.93455617
     206   0.28435494   0.06638344  51.27049832   9.03475992  60.66262084   0.41591854
     207   0.54985401   0.08334133  43.78405165   7.78908155  41.83037522   0.50134164
     208   0.55004711   0.08073817  53.52294811   8.85440424  67.95692330   0.86762708
     209   0.74944301   0.05933147  47.12323979   8.82755945  45.15926139   0.28030366
     210   0.16145207   0.05183636  52.57031056   9.61412233  52.54655098   0.04313636
     211   0.05280874   0.02121345  54.61043677   9.89103495  44.03010313   0.34894321
     212   0.65928957   0.07552699  49.26932811   7.98250909  58.19396708   0.28739687
     213   0.05157451   0.01961553  51.32098420   9.79100543  36.00201133   1.04932278
     214   0.08291909   0.02530337  49.66343914   9.47944828  48.32398898   0.11832568
     215   0.03868138   0.01412310  54.57895231   9.97375375  44.19429109   0.33857745
     216   0.29471685   0.07481675  45.59950339   8.37572841  43.65254683   0.37329212
     217   0.61929914   0.07285248  49.53498953   8.10159278  55.73045004   0.17218205
     218   0.03608415   0.01199753  50.37226613  10.27265583  39.52389519   0.69085350
     219   0.18267085   0.04673035  49.38998940   8.91748900  56.98647176   0.22927210
     220   0.74592036   0.05902407  45.58640703   7.92634780  45.57574852   0.25650757
     221   0.39053621   0.07205565  49.59716198   8.60467998  56.30871771   0.19803627
     222   0.10908006   0.05078557  51.28238209   9.51243477  49.37197425   0.07353011
     223   0.62569280   0.07611362  45.97304318   7.87744456  54.71662899   0.12863750
     224   0.14507379   0.04161911  48.14805808   9.16686552  46.43615892   0.20982001
     225   0.04733188   0.01778732  46.55715831   9.87904797  33.43631794   1.37296685
     226   0.13423411   0.04199872  49.25217964   9.05905868  50.66725002   0.02356759
     227   0.54119758   0.08938080  45.92732027   7.83266860  51.92867078   0.02072616
     228   0.32825412   0.06884290  51.00818745   8.70038835  66.15497890   0.74647891
     229   0.33776704   0.07744646  43.74322441   7.59856404  50.47264343   0.03071028
     230   0.76789473   0.05631543  43.62637822   8.70653667  41.33372037   0.53943906
     231   0.30692916   0.07094930  55.06603194   8.87204733  61.67423794   0.47226273
     232   0.58026440   0.07728085  46.40910016   7.30482470  47.02162335   0.17988500
     233   0.42534658   0.07457374  55.08913210   8.23900590  66.27628308   0.75444406
     234   0.57143891   0.08269200  40.95746013   7.85393255  35.52529625   1.10513490
     235   0.09481655   0.03024866  54.23732871   9.69894792  65.81445785   0.72426821
     236   0.23804043   0.06170815  50.75168411   8.84582622  62.55734836   0.52315910
     237   0.08144888   0.02755266  46.94785833   9.39561696  44.41987413   0.32455250
     238   0.21362562   0.05391502  54.82256595   8.65625727  61.41893643   0.45784469
     239   0.19448280   0.06244176  48.52194223   8.52814550  49.17053650   0.08182704
     240   0.34809636   0.07426922  52.39541562   9.30155001  62.54147299   0.52223022
     241   0.43308904   0.07739563  45.30620151   7.64817507  48.40858298   0.11455751
     242   0.69808133   0.07553621  48.43045307   8.13400124  50.17431257   0.04190540
     243   0.24546269   0.06920570  50.06894756   8.63243756  56.09985940   0.18861340
     244   0.68173972   0.07781381  37.66560197   7.90650294  27.14841925   2.45898835
     245   0.37549978   0.07383943  52.81311683  10.36273412  66.69471059   0.78213163
     246   0.57042211   0.08104334  44.18850005   8.87465896  44.11408794   0.34362424
     247   0.21361740   0.05949779  52.16741843   9.41076278  46.99016334   0.18145690
     248   0.50109618   0.07763356  47.79378032   8.89958342  52.76385773   0.05122222
     249   0.29222686   0.06581969  47.69571544   8.63595898  51.80849618   0.01646739
     250   0.59159719   0.08976551  43.15205314   7.71251433  47.42506429   0.16008856
     251   0.21195898   0.05251862  54.87742397   9.22617708  67.57184311   0.84123203
     252   0.52864211   0.07050829  55.66551779   8.55275198  71.09023078   1.09229529
     253   0.02172919   0.01040581  51.54981487   9.95532393  29.04763017   2.07976608
     254   0.06792087   0.03268004  53.06635015  10.27909718  27.28464415   2.43008334
     255   0.03069913   0.03888920  52.05665899   9.87758318  22.59202285   3.60606481
     256   0.66251012   0.07757029  48.24514503   8.98083596  48.97489021   0.09002623
     257   0.59900125   0.08163556  49.14802926   8.02018099  63.53864415   0.58155460
     258   0.48566504   0.08085598  47.66724005   7.39339898  53.18795664   0.06730859
     259   0.09146875   0.03077731  51.65207698  10.01271706  38.19154953   0.81590873
     260   0.60537761   0.07704851  44.63002579   8.19185467  44.12705306   0.34280625
     261   0.52234566   0.08486727  41.60470437   7.69054596  40.31776462   0.62192994
     262   0.28770135   0.06049925  53.97350030   8.84314543  66.13834394   0.74538879
     263   0.15192920   0.04228159  52.85612844   9.26354297  56.81351069   0.22120540
     264   0.64077554   0.07899511  45.86428776   8.59555513  49.33215452   0.07515865
     265   0.66719841   0.06775539  53.55423187  10.52274603  59.15591668   0.33594479
     266   0.56714338   0.07676103  51.28668155   9.53647931  65.62284387   0.71186693
     267   0.17540407   0.04819343  45.64808536   9.40182103  42.38482148   0.46046954
     268   0.65427382   0.06462134  44.49943939   8.51017734  48.37769589   0.11593018
     269   0.34473757   0.07328963  49.31713290   7.92941862  63.98464753   0.60872771
     270   0.28489839   0.06569457  44.28856056   8.34404550  39.20338708   0.71983845
     271   0.26944482   0.06012439  52.40568453   8.19940002  62.30473864   0.50843912
     272   0.28580623   0.06226427  53.26556293   9.00379649  62.32863198   0.50982591
     273   0.72068285   0.06653290  50.14384762   9.50467518  56.19345521   0.19282423
     274   0.27093279   0.06001273  48.71296900   9.23608076  54.33231465   0.11272773
     275   0.45423513   0.07195170  61.71004177   7.13033138  90.09518750   2.78225985
     276   0.65795256   0.08151737  47.93621278   9.12126873  50.01743377   0.04791330
     277   0.17745976   0.05835586  57.32886568   9.44564287  62.26538175   0.50615733
     278   0.18106960   0.04325786  56.45494176   8.65763354  73.42036121   1.27038020
     279   0.27481773   0.06868686  51.17929331   8.19986984  64.99431425   0.67168154
     280   0.66823350   0.07691858  45.87846754   7.74932759  54.68155729   0.12717196
     281   0.32861941   0.07258116  41.50219250   9.22179960  42.28686105   0.46756605
     282   0.11758494   0.03575732  48.02306503   8.99668550  41.73875779   0.50826246
     283   0.26811370   0.06525916  48.83335730   7.84804801  55.12922077   0.14608372
     284   0.66939392   0.07354595  46.78303206   8.51567523  52.27331281   0.03312012
     285   0.08071461   0.03033137  53.30452128   9.78521494  48.24611906   0.12181853
     286   0.13320587   0.03898285  50.06802441   9.07319880  49.40948434   0.07200121
     287   0.05292311   0.01933430  50.15988234   9.84328387  42.46799059   0.45448606
     288   0.22055928   0.05237223  50.26509925   9.55611414  54.85850370   0.13459392
     289   0.23494809   0.06332282  52.88963508   9.11112175  61.13054447   0.44171866
     290   0.13575569   0.04462461  49.70454384   9.23338877  50.78624162   0.01926166
     291   0.22586566   0.05199577  54.32171536   9.29396150  61.75392693   0.47679042
     292   0.29631967   0.06898769  42.35123047   7.40697795  40.51316457   0.60557600
     293   0.78816620   0.05756134  50.23518960   8.70853199  48.10802736   0.12807004
     294   0.16496086   0.05110953  46.40059825   8.66107252  46.75354294   0.19341221
     295   0.28195392   0.06670876  45.40341546   8.76588344  48.37874038   0.11588371
     296   0.49717714   0.08883117  43.70953233   7.64979943  44.18808263   0.33896698
     297   0.57645402   0.08108428  48.85760515   7.38871175  52.26338002   0.03275917
     298   0.14544551   0.04638029  50.62650188   9.06780697  61.40405366   0.45700831
     299   0.05779422   0.01866255  48.60863732   9.43115435  37.60476141   0.87492549
     300   0.46347874   0.07726292  49.60321603   7.67452681  57.11696820   0.23540145
     301   0.08790841   0.02856602  55.07438851   9.48857354  58.13983448   0.28472372
     302   0.04146877   0.02084490  48.52337131   9.86851148  39.15100636   0.72464033
     303   0.22802936   0.05707948  47.00699524   8.50740448  46.88489012   0.18674689
     304   0.22817415   0.06380311  51.07180657   9.13111753  55.30557274   0.15365593
     305   0.62908656   0.07588833  51.48003247   9.51591329  59.06328590   0.33118409
     306   0.81662267   0.04962538  47.59007064   8.54721944  53.75475857   0.08943824
     307   0.18736127   0.05277516  43.61654960   9.11294103  36.58828702   0.98321296
     308   0.32404814   0.07424303  51.71592735   8.33177213  57.85883041   0.27094861
     309   0.40439410   0.07727394  47.49681478   8.33682661  48.95087518   0.09104230
     310   0.38446928   0.07858097  45.74202928   7.62825127  47.44605425   0.15907679
     311   0.82774358   0.04844911  50.22885127   9.17887178  53.50248666   0.07949982
     312   0.24038906   0.06605949  49.02730090   8.47493748  53.91963718   0.09601076
     313   0.58995329   0.06891049  63.43546837  10.52109713  73.07839068   1.24367604
     314   0.43349609   0.08374910  42.70237223   7.25550460  39.93246913   0.65487808
     315   0.52033532   0.08835098  42.90777080   8.39918420  41.62068095   0.51725301
     316   0.22008159   0.06563560  43.09960545   8.17805959  48.10388520   0.12825870
     317   0.14681552   0.04455072  53.47443841   9.00383372  59.80146351   0.36962607
     318   0.47702073   0.08184897  44.58633606   8.24283374  53.51089420   0.07982874
     319   0.20004256   0.05156758  48.74860737   8.46625174  53.08936284   0.06353280
     320   0.51930408   0.07835949  52.08752913   9.54356936  58.64534080   0.30993097
     321   0.12010667   0.03842288  49.56968672   8.83866162  47.60244195   0.15159442
     322   0.62384487   0.08080054  46.62967362   7.90436047  51.08696304   0.00858448
     323   0.65669410   0.07721824  47.84364471   8.65211645  53.95503224   0.09742964
     324   0.22647187   0.05574983  47.68199536   8.98919342  58.10385580   0.28295052
     325   0.04072729   0.01564453  48.20714209   9.81736214  31.56482588   1.64834035
     326   0.94272917   0.02341031  48.30857048   9.56223565  36.49888290   0.99311773
     327   0.30611168   0.06340796  55.02604709   8.50254559  75.57516436   1.44301301
     328   0.43048183   0.08171291  48.09318499   7.69654746  54.77183164   0.13094979
     329   0.74776200   0.06153990  41.14124447   9.01298436  31.02019345   1.73541969
     330   0.04145097   0.02594044  50.97119005   9.56918360  30.51890840   1.81852169
     331   0.85731906   0.04705193  49.84748726   9.39895228  48.11617912   0.12769895
     332   0.43806462   0.08790761  43.78419850   7.46205155  44.21503272   0.33727746
     333   0.02695005   0.01459472  47.21416389   9.90773949  33.40451497   1.37735378
     334   0.28463159   0.07095370  47.16156985   8.90294913  45.68404007   0.25045015
     335   0.09890601   0.02974931  42.74507189   9.28218273  33.40082341   1.37786363
     336   0.33134652   0.06989862  49.43007487   8.70033116  52.43388924   0.03898609
     337   0.73364225   0.05951601  44.64542717   8.20518479  40.82973778   0.57957917
     338   0.47756817   0.07330247  54.42602247   7.56847365  71.46366070   1.12021806
     339   0.36988074   0.07414135  48.82784872   8.34921344  52.10254260   0.02694547
     340   0.76157217   0.06479491  45.56217509   7.82768247  52.77150970   0.05150888
     341   0.74198962   0.06677155  48.79025521   7.88377720  53.31897052   0.07235973
     342   0.23598009   0.05828523  44.37221008   8.25622250  41.73817493   0.50830664
     343   0.07006405   0.03293781  50.93484533   9.66498797  49.74956124   0.05836753
     344   0.07145971   0.02981826  48.89404561   9.66172750  44.06318289   0.34684400
     345   0.28579108   0.07349318  44.91135684   8.34674708  48.76240701   0.09909026
     346   0.57154328   0.08341988  42.46555769   7.70759345  38.01748472   0.83315632
     347   0.62677645   0.07353213  52.95384458   9.52799372  65.35871896   0.69488763
     348   0.81791562   0.04726707  52.13281505   9.28051652  61.37345391   0.45529009
     349   0.36559136   0.08081287  40.31128792   8.24137227  34.51152878   1.23022995
     350   0.14779575   0.03776991  55.12850210   9.39669230  58.03163614   0.27939960
     351   0.39106427   0.07147325  59.50979956   8.09342413  89.49477264   2.72141918
     352   0.06433477   0.02578110  51.13873565   9.45331567  52.21730217   0.03108767
     353   0.07453337   0.02448171  50.77943826   9.90769900  48.76848054   0.09882886
     354   0.36767152   0.06610122  59.85846403   9.12702229  89.64562292   2.73666464
     355   0.87877410   0.03667928  45.41389922   8.86086819  37.25458795   0.91134671
     356   0.19558102   0.05071456  55.85019922   9.39864780  68.80877317   0.92697632
     357   0.06373448   0.03121565  51.52746864  10.19456648  42.59556028   0.44538189
     358   0.71459743   0.06873073  41.80413236   7.94199597  42.28666320   0.46758044
     359   0.22465344   0.05960739  51.32254981   9.17929871  56.74207541   0.21789279
     360   0.07164565   0.02377901  48.90085894   9.44275744  49.34758510   0.07452690
     361   0.10188447   0.03490662  45.04456131   8.90065859  35.99236792   1.05043329
     362   0.10171577   0.03401229  47.11793339   9.14253467  49.53194065   0.06704485
     363   0.16539300   0.04913343  48.39679324   8.73922323  54.70731434   0.12824800
     364   0.66621148   0.06372064  59.48322795   8.63100974  90.38262010   2.81153687
     365   0.03634823   0.03733708  52.24502994  10.49311411  28.79964050   2.12648438
     366   0.88652201   0.03755018  44.95838748   9.07256762  50.03846061   0.04710316
     367   0.29851345   0.06596641  51.32159173   9.48748144  61.13347041   0.44188141
     368   0.35588422   0.07831609  46.31555521   7.10101711  52.15231611   0.02873838
     369   0.50951354   0.06357162  58.53394417   8.90841259  79.41846857   1.76886134
     370   0.26601430   0.06518447  52.74869200   8.73821197  63.98625503   0.60882636
     371   0.05488583   0.02077259  53.92693078   9.57409671  43.65685249   0.37301037
     372   0.16113436   0.04193086  56.11981630   9.05536445  70.61130054   1.05683516
     373   0.22777380   0.05786991  42.20541214   8.45012653  39.43425919   0.69889135
     374   0.39661000   0.08179110  47.88223567   7.85421883  51.82892033   0.01718889
     375   0.90630495   0.03208693  47.21236349   9.03940645  45.93384859   0.23667800
     376   0.45753222   0.08924719  45.75068750   7.02122513  52.42350141   0.03860486
     377   0.00412318   0.00282347  50.23183461  10.10510115  22.50457276   3.63198863
     378   0.57730724   0.08098696  44.25308578   7.37254202  44.81552425   0.30055089
     379   0.18541092   0.05003440  47.09825726   8.70549681  45.35877850   0.26880464
     380   0.51541946   0.08668646  44.17500193   8.12444684  45.42675460   0.26492883
     381   0.24316375   0.05540472  48.96611737   8.47996486  52.53904197   0.04285885
     382   0.82094387   0.05093660  45.44716185   8.32391183  51.03466154   0.01042053
     383   0.43308620   0.07982428  47.09465226   7.10802743  52.89881666   0.05629745
     384   0.50740888   0.08567281  45.35547189   7.03403191  46.75265648   0.19345744
     385   0.16284871   0.04754665  55.89437692   9.87390289  58.75824787   0.31563578
     386   0.16516237   0.04770681  45.14561576   8.93725763  45.05719992   0.28625744
     387   0.03268269   0.01557657  50.54339993  10.08061243  34.12807797   1.27991013
     388   0.27476529   0.06767309  54.01889190   8.68922521  74.96292772   1.39320656
     389   0.42005116   0.07828648  42.23497179   7.55094581  41.54478556   0.52307423
     390   0.56970722   0.07775261  50.87924120   8.82784947  58.10684398   0.28309769
     391   0.13405067   0.04137396  51.09618927   9.29550890  53.69317227   0.08699885
     392   0.33107314   0.07017193  48.79132506   7.40892078  54.61326768   0.12432622
     393   0.18616212   0.05175402  45.87228117   9.15798038  42.30298382   0.46639443
     394   0.18130103   0.05114222  50.98177445   8.98440174  68.63749195   0.91493750
     395   0.11289827   0.03642918  50.23773194   9.11633911  56.37858833   0.20120993
     396   0.45483841   0.07397323  46.69521039   7.72786551  60.23245432   0.39260091
     397   0.13158792   0.05173315  46.56467843   8.98559537  45.30780590   0.27172489
     398   0.33338274   0.07723130  43.17103723   8.51515978  37.86491358   0.84845297
     399   0.68868357   0.06419968  52.17832017   8.83926489  62.49159744   0.51931529
     400   0.21039989   0.05850982  50.97719395   8.77420132  58.74424710   0.31492689
     401   0.29237269   0.06416326  60.89389751   8.07613640  90.77197844   2.85135058
     402   0.16500545   0.05012962  48.33739168  10.05377232  50.82688051   0.01780166
     403   0.38143948   0.08371237  50.47597424   8.13715425  59.48897568   0.35321221
     404   0.76419651   0.06658064  49.04461170   8.92727201  46.31693666   0.21609508
     405   0.57380757   0.07534477  58.69636451   8.50078196  79.80575923   1.80291909
     406   0.18903631   0.04764955  56.37467951   9.24395362  71.79992687   1.14556573
     407   0.03636515   0.01737125  48.03090247  10.05191843  34.13906126   1.27846854
     408   0.32706725   0.06691636  45.10928910   7.29051102  56.65290970   0.21377362
     409   0.01926987   0.00965079  49.45601821   9.92576341  32.95747042   1.44005722
     410   0.55257639   0.08118779  51.54147887   8.00515312  63.03567090   0.55138318
     411   0.24717692   0.06330983  46.77738642   8.67289676  50.16136539   0.04239805
     412   0.32441558   0.06645547  49.40772420   8.00025760  54.74828454   0.12996263
     413   0.31981240   0.06718435  52.15141524   8.66057833  59.23782234   0.34016942
     414   0.15466461   0.04336835  54.25115669   9.46074050  73.60730218   1.28505954
     415   0.35294972   0.07201039  51.88539542   8.39006242  59.27473387   0.34207794
     416   0.55111118   0.07711030  48.26105098   7.93888589  57.83933512   0.26999924
     417   0.49477218   0.08251069  45.89405000   8.59131064  45.59373153   0.25549799
     418   0.11258213   0.03297412  51.32427916   9.50139293  67.02176695   0.80400134
     419   0.65741950   0.07043394  49.52878689   7.34461576  68.31837578   0.89264910
     420   0.69084588   0.06699838  46.18233156   8.18671123  51.36575804   0.00105839
     421   0.60154191   0.07421103  50.06698639   8.19863432  55.05550044   0.14293875
     422   0.02538424   0.01646989  53.40105028  10.29287731  36.68338565   0.97274610
     423   0.52819243   0.07665481  46.65978360   6.83042919  57.30611505   0.24435132
     424   0.27959615   0.07431713  47.82139910   7.93624540  47.40229367   0.16118819
     425   0.53663885   0.08223177  43.78870214   8.41760551  44.62681016   0.31190500
     426   0.03829891   0.02126669  54.46545394   9.90778603  31.35077583   1.68217302
     427   0.37002549   0.07656827  48.59787480   7.67671837  57.51355744   0.25425618
     428   0.15740733   0.04552982  51.70216582   9.04593932  51.23128446   0.00356334
     429   0.18100349   0.05397124  45.22380379   9.23982374  41.80816313   0.50301514
     430   0.18615690   0.04982822  54.98949101   9.86675877  74.39069677   1.34719435
     431   0.09626516   0.03256418  47.63446853   9.52018823  47.57313440   0.15298916
     432   0.06050623   0.02497929  52.21855138   9.67176352  48.96533330   0.09043033
     433   0.41744183   0.08297953  44.12587782   8.78606708  45.69171004   0.25002314
     434   0.39212318   0.08002644  48.74375867   8.80998482  54.56869512   0.12247440
     435   0.40321733   0.07149192  51.74640227   8.63021920  63.60033428   0.58528972
     436   0.68248440   0.06567256  52.81117580   8.48668939  61.15823473   0.44325959
     437   0.13781463   0.04784947  50.63200587   9.51170570  60.14308535   0.38780496
     438   0.50778899   0.08688207  46.12593556   7.72133185  49.72628905   0.05928754
     439   0.39461362   0.07522683  47.84258864   8.04939453  54.42450689   0.11651427
     440   0.07087544   0.02925306  52.94918480   9.57445562  55.59018010   0.16602167
     441   0.04509905   0.02143610  48.55905626   9.72817599  41.18551450   0.55108622
     442   0.27583631   0.05913443  48.90644423   8.56792236  52.09850287   0.02680020
     443   0.09734735   0.03374167  50.32507775   9.51477966  52.51149707   0.04184197
     444   0.21199020   0.05107482  48.07566148   8.18781105  52.12051020   0.02759205
     445   0.28969126   0.06551092  49.61973848   7.54014614  64.50366008   0.64084078
     446   0.22626116   0.05445786  49.16602944   9.30774951  52.96100546   0.05864989
     447   0.13907164   0.04718067  49.70848706   8.91751429  56.14825536   0.19078831
     448   0.92541032   0.02733304  49.20391917   9.29226989  45.04880438   0.28674936
     449   0.50246038   0.07700531  46.76598435   7.49722297  51.48992625   0.00533535
     450   0.18354788   0.04588780  48.56433620   8.69022238  44.79184800   0.30196606
     451   0.29094707   0.07478202  45.99310053   8.26261994  40.72083925   0.58845285
     452   0.25787282   0.06227605  55.79411969   9.16661494  65.99637627   0.73610661
     453   0.18534022   0.05905798  44.46859334   8.66905421  44.77174398   0.30316980
     454   0.03281378   0.01136741  49.25273512   9.91278245  36.48738725   0.99439586
     455   0.71161581   0.07702274  42.06835153   8.02613424  43.72951717   0.36826973
     456   0.23727608   0.05307745  48.07237749   8.40862634  46.99675366   0.18112728
     457   0.05716120   0.01974533  48.56838437   9.46564701  48.21411080   0.12326101
     458   0.26739363   0.06242791  47.35613314   7.79110560  48.79112015   0.09785566
     459   0.52411070   0.08158841  51.39498294   9.56060027  56.14933731   0.19083699
     460   0.02251593   0.01034325  52.24522251  10.23442904  44.34697236   0.32905766
     461   0.27860644   0.06437421  57.81815095   9.00504040  80.66042504   1.87884223
     462   0.46163414   0.08001522  45.36726070   7.81628435  46.78114790   0.19200535
     463   0.48948293   0.07963423  43.96287411   7.49813978  42.99159787   0.41767925
     464   0.78647913   0.06079265  40.31234653   7.86546566  36.92432360   0.94654233
     465   0.03969345   0.01804951  48.57061876   9.91968688  40.84159173   0.57861759
     466   0.01816231   0.00896809  51.03728414   9.73190839  35.98043385   1.05180864
     467   0.58347151   0.08686423  39.71579724   7.70364088  33.45609928   1.37024309
     468   0.14640532   0.04354486  50.34462683   8.54278363  55.56745002   0.16502750
     469   0.48408918   0.07194247  52.12459143   7.86352506  65.26856654   0.68912276
     470   0.40721699   0.07947598  44.26289384   7.12472516  46.58580722   0.20203011
     471   0.20980251   0.05853883  48.37388036   8.76845729  52.75289961   0.05081193
     472   0.09614192   0.03022822  52.35806335   9.22952741  56.85286779   0.22303523
     473   0.87212183   0.04206265  54.90657724   9.22750883  47.65145409   0.14926964
     474   0.06710404   0.02551838  48.86729390   9.85842490  34.34866708   1.25116792
     475   0.70123101   0.06461151  52.87496349   9.05520827  65.87093558   0.72793679
     476   0.11113226   0.04352363  53.77464514   9.31830146  64.42078611   0.63567778
     477   0.35831297   0.06796455  51.47812096   8.27559446  62.38866797   0.51331553
     478   0.34199909   0.07349088  50.53670096   8.79913961  57.91871343   0.27386988
     479   0.11050900   0.03343815  49.21037062   9.20404955  48.22980958   0.12255304
     480   0.00887978   0.00488274  49.91979358   9.84831904  19.23244676   4.73585245
     481   0.50937176   0.09180837  37.06722262   7.02999187  27.49831041   2.38529772
     482   0.21665042   0.06349557  50.84498246   9.43828002  43.35220525   0.39318023
     483   0.52055339   0.07292922  54.21848561   9.38218352  65.98235220   0.73519176
     484   0.29283763   0.07390430  43.62864975   8.12875532  42.05282074   0.48473649
     485   0.39635610   0.07520784  50.73238006   7.94943227  62.76103300   0.53512170
     486   0.88096768   0.04103718  47.74376014   8.84437297  39.48454363   0.69437574
     487   0.27101817   0.07042747  46.25217617   8.99019056  49.27090008   0.07767494
     488   0.27618935   0.06220310  56.13368156   9.16970739  67.00156340   0.80264458
     489   0.22287077   0.05855100  46.61879190   8.62778750  45.21662696   0.27697854
     490   0.32361966   0.06957805  60.16836681   9.40206022  75.23980979   1.41565785
     491   0.16106120   0.04587019  53.26627305   9.00705445  59.02741314   0.32934533
     492   0.83575755   0.04582562  48.19645104   8.64673962  48.35376702   0.11699612
     493   0.78926603   0.05614465  56.55693290   9.23481339  63.36237804   0.57092382
     494   0.32662799   0.07157467  47.27042166   8.20388541  49.93087134   0.05126443
     495   0.11349660   0.03305638  54.19331108   9.44429281  62.21351095   0.50315481
     496   0.32394465   0.06537156  45.93467877   8.37120557  47.26191722   0.16801370
     497   0.51433983   0.07762685  49.85305178   7.09546596  60.09669650   0.38532210
     498   0.90218385   0.03425590  47.24642918   9.21001188  44.04954606   0.34770872
     499   0.55182381   0.07332750  56.41826408   7.98145889  78.69548971   1.70586993
     500   0.42468130   0.08878873  52.22677472   8.03014935  71.01718817   1.08686161
     501   0.83408608   0.05307012  53.67859172   8.70678293  64.21073061   0.62265146
     502   0.33436605   0.07156161  49.34868202   7.89517337  58.83927904   0.31974676
     503   0.25288387   0.06021462  46.00557074   8.92989257  41.28327122   0.54338921
     504   0.53984187   0.07869509  48.42465927   8.28944627  57.19542196   0.23910421
     505   0.27687219   0.06190230  49.30320701   8.33421323  56.16544408   0.19156200
     506   0.97113740   0.01206827  48.38176566   9.55951608  29.75784040   1.95033320
     507   0.34489413   0.08637200  47.44059423   8.59183703  47.39666671   0.16146025
     508   0.57667927   0.07389478  55.16609804   8.26629127  73.94967948   1.31209253
     509   0.20377863   0.05077632  54.22484149   9.00908548  66.66370529   0.78006872
     510   0.10476119   0.03348642  50.08487195   9.07380067  59.71131665   0.36486988
     511   0.66479518   0.06968253  53.78337903   8.32550447  69.89724194   1.00470669
     512   0.10039527   0.03225305  48.77888490   9.21112026  41.77594082   0.50544785
     513   0.59785043   0.07939377  46.84089615   8.50538641  45.95592799   0.23547414
     514   0.32616314   0.06824779  43.64425184   7.57622812  42.49053066   0.45287099
     515   0.07909826   0.02550797  46.91489455   9.61840482  46.96560661   0.18268674
     516   0.64633112   0.07966143  40.92383395   7.78305255  41.12821581   0.55562401
     517   0.08918215   0.03528234  45.66907146   9.33028567  37.56248761   0.87927404
     518   0.22248935   0.06139252  41.99631388   8.33195914  45.70957460   0.24902957
     519   0.43137103   0.07005667  50.90020985   7.41376066  62.26040894   0.50586924
     520   0.10367909   0.03371484  51.30680483   9.89590724  48.68520816   0.10242487
     521   0.50643519   0.08337108  41.72128897   7.25697080  40.00495128   0.64860808
     522   0.32989946   0.07610268  48.66612686   8.12537077  58.09480511   0.28250490
     523   0.41689743   0.07955101  50.33896572   9.15832239  58.88243281   0.32194181
     524   0.17164630   0.04762478  47.77779754   9.92413681  46.81235108   0.19041897
     525   0.83679838   0.05284971  54.41041138   9.89831003  56.76874653   0.21912828
     526   0.30528643   0.07889115  50.70353199   8.73980641  50.62009505   0.02528684
     527   0.30836534   0.06353810  50.06272707   8.30764742  58.49240247   0.30224692
     528   0.30634788   0.06710809  56.33433079   8.88193311  66.90770630   0.79635164
     529   0.46679015   0.07230946  53.05728504   9.22266012  65.74464747   0.71974198
     530   0.38725739   0.07692139  47.64139477   7.98697951  50.89061165   0.01552286
     531   0.26896201   0.06395057  51.31792995   8.94169580  62.19390344   0.50202125
     532   0.02807137   0.01759826  53.98214456   9.90825344  31.24013693   1.69985808
     533   0.17165810   0.05087874  51.46227910   9.43950090  51.89182134   0.01941683
     534   0.01295498   0.00616070  51.37202740   9.88613561  22.71761865   3.56912441
     535   0.05003316   0.02293704  50.02364835  10.17796400  47.62053672   0.15073502
     536   0.51870446   0.07520927  56.55779595   9.19699626  71.52064507   1.12449998
     537   0.12749625   0.03849247  47.64757673   9.02527136  50.60252197   0.02592942
     538   0.53010035   0.08826076  47.07626769   8.14964064  52.50686500   0.04167114
     539   0.48796247   0.07732111  56.26641364   8.50826018  73.90250584   1.30835651
     540   0.77372133   0.06092740  46.82872466   8.71000521  44.69050292   0.30805382
     541   0.08562672   0.03224940  47.42244640   9.59920198  47.12776803   0.17461175
     542   0.29185704   0.06748529  43.59846783   8.56654089  38.33162862   0.80218508
     543   0.17808067   0.04956779  50.78495976   9.76422070  51.84064982   0.01760367
     544   0.53225721   0.07700334  48.39766975   7.69544101  53.04661037   0.06190232
     545   0.09756328   0.03671660  48.74678170   9.71328867  43.76155538   0.36618809
     546   0.34375741   0.07316303  64.63175475   8.75846469  82.27739677   2.02531077
     547   0.31956894   0.06360921  53.01951491   8.17480680  62.64017110   0.52801330
     548   0.03993648   0.02659502  50.58197636   9.86670183  36.22814613   1.02349761
     549   0.16604845   0.04020438  51.50952536   9.31734914  58.69192563   0.31228144
     550   0.02979698   0.01523284  48.83802216   9.70670478  39.26030170   0.71464170
     551   0.51000518   0.07974781  52.41551542   8.62234555  71.82492405   1.14745769
     552   0.32883933   0.06571617  51.24201337   8.10434980  60.01854441   0.38114937
     553   0.32635080   0.06970706  52.10230853   8.32956961  60.86611650   0.42708314
     554   0.05890075   0.02522011  50.07756897   9.59813802  55.36240858   0.15611103
     555   0.11495759   0.03477791  42.92181802   9.09023310  40.26983118   0.62597801
     556   0.32392682   0.07557046  50.28697097   8.15854141  58.06485329   0.28103144
     557   0.15077324   0.04087824  47.28342349   8.73944853  50.87739938   0.01599420
     558   0.23132559   0.05980675  45.91934007   8.62185869  47.84257098   0.14029579
     559   0.20229460   0.04500499  55.56517161   9.22014376  75.92263944   1.47154352
     560   0.02988286   0.01598468  51.86296635  10.28537688  34.35203195   1.25073291
     561   0.05290673   0.01950982  53.85613811   9.31442555  58.68939001   0.31215339
     562   0.05635513   0.02122744  49.72412890  10.04350000  36.82671382   0.95710401
     563   0.37918985   0.07349993  46.69044299   7.53162499  50.82632767   0.01782148
     564   0.63758811   0.07939337  48.70092597   8.34889309  52.74876929   0.05065735
     565   0.97051338   0.01705364  49.42830488   9.90152808  30.45112109   1.82998226
     566   0.11585711   0.04031517  54.10820653   9.32665930  59.55287935   0.35655211
     567   0.25422431   0.06235379  53.05390612   8.80096814  60.78508720   0.42262727
     568   0.29061445   0.06692321  46.48027743   8.35829252  49.10382372   0.08460718
     569   0.27246086   0.06319931  49.03936069   8.33875600  59.32877086   0.34487713
     570   0.15869977   0.04967797  49.90675748   8.72627804  42.64670735   0.44175662
     571   0.09730917   0.03729725  46.70476687   9.09096095  41.91029589   0.49534345
     572   0.03499909   0.01583384  48.52332806   9.70369210  28.78975942   2.12836257
     573   0.02565695   0.01038363  47.73573313   9.74926422  31.62217286   1.63936094
     574   0.18797859   0.05588200  52.92283824   9.93987727  51.43856835   0.00356212
     575   0.18189776   0.04810137  48.38523001   8.60985434  49.46808329   0.06962280
     576   0.70133094   0.06452306  50.68126536   8.04001932  60.90040329   0.42897270
     577   0.59180221   0.07016641  50.79431362   9.96104099  61.15561670   0.44311383
     578   0.10416930   0.03252428  49.81659559   9.99952892  45.31944966   0.27105676
     579   0.08560952   0.02856320  48.05437863   9.90897425  39.16056174   0.72376299
     580   0.56576297   0.08418939  44.19451176   7.63290430  43.21228138   0.40260534
     581   0.69361243   0.06871215  44.65855393   7.86801046  41.09019317   0.55864599
     582   0.17560634   0.04932317  44.29999324   8.70013164  36.65279332   0.97610548
     583   0.45968290   0.08017965  46.88429240   7.41437180  56.42806492   0.20346374
     584   0.36407265   0.07192972  49.03749178   7.62269347  59.10090769   0.33311544
     585   0.05186045   0.02086191  51.93693515  10.32726922  47.62676464   0.15043953
     586   0.19660014   0.04881200  54.00258296   8.65848750  62.92884162   0.54503982
     587   0.22715633   0.06438015  53.08167525   9.05192069  64.16748869   0.61998058
     588   0.12321355   0.05506643  54.61843738   9.81494230  52.60321087   0.04523441
     589   0.40733928   0.06977599  54.99660313   8.20671708  71.10838826   1.09364746
     590   0.10496981   0.03523786  51.72183133   9.50116800  48.19178463   0.12426950
     591   0.13037705   0.04328663  44.24855119   9.32842801  36.62510365   0.97915241
     592   0.03880934   0.01935673  49.92713161   9.93630547  53.30432379   0.07179313
     593   0.53827232   0.08804601  43.89875860   7.82712405  44.09932387   0.34455674
     594   0.02956146   0.02693361  53.23025706  10.72779231  31.57135417   1.64731635
     595   0.03133938   0.01231382  50.58992388   9.68938770  43.15080737   0.40677856
     596   0.52232328   0.07551671  50.94532017   8.45519431  58.56662709   0.30596993
     597   0.67204881   0.06585501  55.23455292   7.94911347  69.04850794   0.94391505
     598   0.17350471   0.05317450  53.32948274   9.41348540  74.57610510   1.36204526
     599   0.14353151   0.04372125  53.75594031   9.08144855  62.75586050   0.53481688
     600   0.12370812   0.04135097  51.40058291   9.44055896  56.13300433   0.19010237
     601   0.10554417   0.03174646  47.27660414   9.34146269  39.12903033   0.72666040
     602   0.74386925   0.06208300  55.59235286   9.58918182  58.53031403   0.30414704
     603   0.52742017   0.06844869  58.45372989   9.26909696  75.89422964   1.46920375
     604   0.41513935   0.08208756  43.27378336   7.87872699  48.11576665   0.12771772
     605   0.51427472   0.07127081  64.38317685   9.70033213  92.62938756   3.04369263
     606   0.01415613   0.00825189  49.84306564  10.02831757  28.86826312   2.11347609
     607   0.17779658   0.05068985  44.05078157   8.09346258  43.81782526   0.36254461
     608   0.44434077   0.07919497  44.46589253   7.35181566  47.75074213   0.14458950
     609   0.67154717   0.06909371  55.10125192  10.30650854  64.00339475   0.60987848
     610   0.76844471   0.06155904  51.18098816   7.63898604  65.10808212   0.67889909
     611   0.46388559   0.07859298  46.35659313   7.16595068  50.38987756   0.03378618
     612   0.35715677   0.08036299  49.49993560   7.73815412  62.29798973   0.50804761
     613   0.54168624   0.08190646  41.59766446   7.58510590  35.85182636   1.06670381
     614   0.62452865   0.07612955  41.20289033   8.31737813  35.62496518   1.09331040
     615   0.28305287   0.06957232  48.36744667   8.94672723  56.49893732   0.20670152
     616   0.04113058   0.01346959  49.38020784   9.63950079  43.57796365   0.37818759
     617   0.23358620   0.05212096  57.83322782   8.80663326  80.08806071   1.82788102
     618   0.46455053   0.07958829  51.89412926   7.97695759  63.07083468   0.55347614
     619   0.67698358   0.07062847  47.70965456   8.57781468  53.00104326   0.06016902
     620   0.77846520   0.05834402  52.59245563   8.42781647  63.81403626   0.59828677
     621   0.71281806   0.06354628  48.42212556   8.96969506  55.37509066   0.15665983
     622   0.56459951   0.07444138  51.08005639   8.15067129  57.98502939   0.27711398
     623   0.03740950   0.01406718  53.47329990   9.85211381  42.06729592   0.48366563
     624   0.03198671   0.01793479  52.45775806  10.06330255  42.62435312   0.44333932
     625   0.76229448   0.06051479  56.40632333  10.14286028  74.75515598   1.37643933
     626   0.73963070   0.05578653  56.18691380   8.77007959  64.95435759   0.66915258
     627   0.40527611   0.08226904  48.30305174   8.11055916  51.80778475   0.01644228
     628   0.45527839   0.07471889  53.71015008   8.58188599  68.67371600   0.91747917
     629   0.56964429   0.08984125  43.12063326   7.17161750  41.92967873   0.49389420
     630   0.17017886   0.05503458  51.44395006   9.33639685  53.57949532   0.08251850
     631   0.61639049   0.07946655  50.49295680   8.74600974  59.43754375   0.35053041
     632   0.10976238   0.02973046  53.67114808   9.24447729  61.43226509   0.45859412
     633   0.93385005   0.02249171  48.94380768   9.38015104  55.31595578   0.15410391
     634   0.49897740   0.08438080  47.96589449   7.86173131  52.80322058   0.05269826
     635   0.01379269   0.01296019  52.23096743  10.18832395  14.54617028   6.92424843
     636   0.59449005   0.08413645  56.40280459   8.96085420  73.21415606   1.25425475
     637   0.16000188   0.05003363  44.90456648   9.26596689  51.32799746   0.00023551
     638   0.10335788   0.03478161  54.58368735  10.23109852  63.70921132   0.59190020
     639   0.64861342   0.07722487  47.51840442   9.25969219  55.46467675   0.16054666
     640   0.18931490   0.05617575  48.39550754   8.47019549  50.15825102   0.04251664
     641   0.00329564   0.00330836  50.46299931   9.71537201  23.31044779   3.39928890
     642   0.09788003   0.03063000  48.97817996   9.50789181  49.98058082   0.04933685
     643   0.01994282   0.00891375  50.02269423   9.78893188  33.04926575   1.42702239
     644   0.58693607   0.08271197  43.57608952   7.20685993  42.85359489   0.42723689
     645   0.02026591   0.01327918  51.00553948   9.70605905  32.42277958   1.51765624
     646   0.34045956   0.07203101  55.49289444   9.91374358  64.69832542   0.65302088
     647   0.36872981   0.06974785  48.86346290   7.10972647  59.72831138   0.36576522
     648   0.48224544   0.08248848  48.27370189   8.52365336  54.11770460   0.10398670
     649   0.63017536   0.07293682  50.47166430   7.86408153  54.06571818   0.10188478
     650   0.31451789   0.07351344  49.59499651   9.46645571  53.97042494   0.09804756
     651   0.24962181   0.06404662  50.69343955   8.79325104  52.86092672   0.05486844
     652   0.40818568   0.08520709  49.04378196   8.32767446  56.48909968   0.20625144
     653   0.39530240   0.08011168  44.19606832   8.25230361  43.91884174   0.35604391
     654   0.00567068   0.00532402  50.16386878   9.48327863  20.83865493   4.15955804
     655   0.46340581   0.08241213  46.23528577   7.42775838  50.81991731   0.01805144
     656   0.12795163   0.04302367  42.25289251   8.93746439  33.77730748   1.32653572
     657   0.16324408   0.04531668  43.46700777   8.97957696  34.31501092   1.25552466
     658   0.06590358   0.02189681  48.66426049   9.75350627  37.10958004   0.92669786
     659   0.49233928   0.08954971  47.70475277   7.36683325  52.14445480   0.02845484
     660   0.32428731   0.07319523  44.57920931   8.07809202  40.82610828   0.57987377
     661   0.51677516   0.07029646  58.19198769   9.56031203  78.63052245   1.70024717
     662   0.40623984   0.07756376  50.29545424   9.20817071  56.56441732   0.20970274
     663   0.06282501   0.03676961  54.75360292  10.13603014  54.61228860   0.12428549
     664   0.79833733   0.06033654  52.19468216   9.45707764  52.01851379   0.02393130
     665   0.62370031   0.08199243  41.46625233   7.24883506  36.68274909   0.97281593
     666   0.30274317   0.07316297  52.45393201   8.33729689  63.07545453   0.55375130
     667   0.12003368   0.03861484  50.59209832   9.16508665  48.75451004   0.09943035
     668   0.29729715   0.06879562  42.26747918   7.77769135  34.78606945   1.19546982
     669   0.07772992   0.03167810  49.12676479   9.71272226  50.88189011   0.01583393
     670   0.44528936   0.07914551  46.12821152   7.41750995  46.60710262   0.20092937
     671   0.52035877   0.07549817  55.34921685   9.24455499  70.85683556   1.07496513
     672   0.08303714   0.03951831  47.14692669   9.63295275  36.12853187   1.03482293
     673   0.63233877   0.08132397  53.45937867   8.86158389  73.57467474   1.28249338
     674   0.43477250   0.07867678  46.41255209   7.17687315  47.11837728   0.17507640
     675   0.63430452   0.07934729  45.83647599   8.02092705  50.44437742   0.03175818
     676   0.20420247   0.05577054  47.20715637   8.63171979  41.57781001   0.52053714
     677   0.30465848   0.06617667  50.57661313   7.90213825  58.22483382   0.28892393
     678   0.63106272   0.07208959  44.44800621   8.40633743  42.92695447   0.42214360
     679   0.69164115   0.07684566  47.99221664   8.04822842  53.25218855   0.06978019
     680   0.44472210   0.08379219  47.10703434   9.36891762  48.01690472   0.13223570
     681   0.10912549   0.03542975  53.12167406  10.13628475  63.61641886   0.58626482
     682   0.20430064   0.06676764  48.07126091   8.96575577  49.85389100   0.05426632
     683   0.85958025   0.04705026  49.20712657   9.37691957  42.42327858   0.45769807
     684   0.63025971   0.07468048  44.73723155   7.17659982  47.67972312   0.14793313
     685   0.70156603   0.07517067  47.27749534   9.49436419  50.59119314   0.02634421
     686   0.67787742   0.06927119  48.83919690   9.31585381  57.94366294   0.27508927
     687   0.29967856   0.06715170  45.12521385   8.44204634  43.69419741   0.37057063
     688   0.12603949   0.04145943  54.53980828   9.78175638  59.24435218   0.34050684
     689   0.18942333   0.04687083  51.77752716   8.47708223  66.40614693   0.76300201
     690   0.52487877   0.08410747  44.22544167   7.48039390  43.99317024   0.35129340
     691   0.30857046   0.06678873  48.68621598   8.82125019  60.97919810   0.43332430
     692   0.50677215   0.08253231  44.91615637   9.10448762  46.47869770   0.20759590
     693   0.51838710   0.07566547  54.61966914   8.52944494  64.21314273   0.62280056
     694   0.68520540   0.07560566  49.77331879   8.20592782  51.56749603   0.00802487
     695   0.47993975   0.08062036  52.60805219   7.38839212  65.18214245   0.68361095
     696   0.05268758   0.02844807  52.40670654   9.70473955  28.77684707   2.13081889
     697   0.04141923   0.02476379  50.89576716  10.50302887  32.59862424   1.49181773
     698   0.04939798   0.01944026  48.94447210   9.86120324  48.91089900   0.09273840
     699   0.10353045   0.04012950  48.88711254   9.37147340  41.75759553   0.50683553
     700   0.59906772   0.07034554  49.03314155   7.30107064  62.50077660   0.51985139
     701   0.11735105   0.04346198  47.25027730   9.33397543  49.10650031   0.08449532
     702   0.36049805   0.06978084  44.74304222   6.85901824  54.95662316   0.13873951
     703   0.42988543   0.08034708  47.76058609   7.53772336  51.97412627   0.02234550
     704   0.16583895   0.04598959  55.85430626  10.19906951  59.53598049   0.35566806
     705   0.26021654   0.06569868  42.15636324   7.66536900  44.10224928   0.34437189
     706   0.42026069   0.06870284  51.17302683   8.12386775  60.63776697   0.41456083
     707   0.37828301   0.07323059  58.80955747   9.50038402  76.83133208   1.54704315
     708   0.80258251   0.06139148  43.81219212   8.59725560  43.45029259   0.38663390
     709   0.30086745   0.06259834  49.39670489   8.06905381  61.79299708   0.47901500
     710   0.06238120   0.03547812  55.42460191  10.12588337  32.68367722   1.47943274
     711   0.24068682   0.06053454  47.00879426   8.55316786  44.79895471   0.30154100
     712   0.12274335   0.04171242  51.35229798   9.28675994  44.93903092   0.29321187
     713   0.12108632   0.03540340  46.51435838   9.54111011  45.69385462   0.24990379
     714   0.00585467   0.00376309  49.22083018   9.31365520  22.46792806   3.64290154
     715   0.61258326   0.07245765  48.19431212   7.74725255  50.76528245   0.02001674
     716   0.41761214   0.07852543  50.79135348   8.10469920  60.92756893   0.43047153
     717   0.57977421   0.08519104  46.07338108   7.96567922  43.83079378   0.36170717
     718   0.40555439   0.07512083  48.29306091   8.06318958  53.83128039   0.09248105
     719   0.31221616   0.06500428  55.53800005   8.56728152  70.63304124   1.05843625
     720   0.50948464   0.08411920  51.63689757   8.11910065  62.39713801   0.51380844
     721   0.22034495   0.06270995  45.50324653   8.30844112  44.06440898   0.34676629
     722   0.46195893   0.07226924  57.13491236   7.96033986  77.02207384   1.56305280
     723   0.23982261   0.05395717  46.30601181   7.94743970  57.87756722   0.27186181
     724   0.41640889   0.07606212  53.50372414   8.67657236  63.99601111   0.60942517
     725   0.90486516   0.02996728  47.91019090   9.50640391  49.78002223   0.05716619
     726   0.02580486   0.01309602  49.63775027   9.79037428  36.83920446   0.95574839
     727   0.20315588   0.05517657  51.68296431   8.99268917  57.68519684   0.26252198
     728   0.18318495   0.05248672  47.74995755   8.56446332  50.28424735   0.03774515
     729   0.87207434   0.03507292  45.51103432   8.97391250  51.43499448   0.00343895
     730   0.19159667   0.05328684  55.86124942  10.08077520  52.67866559   0.04803959
     731   0.11389145   0.04573591  47.39939455   9.20564268  50.90657138   0.01495426
     732   0.12844234   0.03414198  58.24416438   9.46523680  65.23173938   0.68677231
     733   0.38877591   0.08356691  42.75933621   7.36671227  41.64024958   0.51575748
     734   0.86924945   0.03843882  41.20834472   8.85343460  37.05260787   0.93277277
     735   0.08067054   0.03448416  52.54398463   9.21307090  57.26167035   0.24224134
     736   0.14400423   0.04782817  51.43507575   9.82298962  58.35678976   0.29547521
     737   0.25041211   0.05691591  47.04199141   8.93683597  48.51559094   0.10982993
     738   0.08829785   0.03607049  53.70678169   9.83141022  48.44288373   0.11303738
     739   0.05950648   0.02377951  50.61634011   9.96557618  41.71697640   0.50991490
     740   0.41618145   0.07606063  51.23339356   8.08066031  62.11495515   0.49746495
     741   0.16179166   0.04319224  47.42436697   9.16937072  50.21090464   0.04051610
     742   0.89333873   0.03415803  45.68468566   9.40777019  51.40822597   0.00251728
     743   0.66932575   0.07138436  48.15489376   8.95027917  54.86260927   0.13476695
     744   0.11655436   0.03770440  50.61916640   9.85731561  51.35335401   0.00063304
     745   0.33732840   0.07853741  48.47675606   8.66039731  51.38347232   0.00166643
     746   0.01698246   0.01135072  50.70680000  10.25910686  37.77215826   0.85783488
     747   0.00634152   0.00356228  49.80218025  10.17981414  25.80683481   2.75893144
     748   0.30411417   0.06614261  54.26993301   8.62578415  61.90268180   0.48527686
     749   0.63148908   0.07850991  46.35311627   7.78038921  47.52554213   0.15526139
     750   0.53644510   0.07638281  56.94165492   8.27324336  71.68177036   1.13663720
     751   0.79066607   0.05521472  54.70204497   9.63008038  51.94266507   0.02122421
     752   0.42283515   0.07608318  48.10409766   7.80588100  50.95405058   0.01326757
     753   0.35293491   0.06985308  48.98737548   7.87727391  56.29097710   0.19723216
     754   0.42934289   0.08438005  41.15846405   6.86966734  39.64055026   0.68047155
     755   0.45143837   0.08235349  47.68171572   9.19453683  49.40393892   0.07222693
     756   0.32937409   0.07129855  54.27751405   8.49302283  63.06734834   0.55326852
     757   0.89274531   0.03142093  45.61993903   9.22285821  44.03856242   0.34840587
     758   0.11415606   0.03707212  51.70524904   9.83669666  44.28643037   0.33281879
     759   0.04274534   0.01758934  49.21361200  10.10394691  33.57074864   1.35453024
     760   0.61859999   0.06775192  54.95524637   8.73598008  71.44030055   1.11846433
     761   0.20795675   0.05949175  57.08241813   9.28600298  66.72728831   0.78430109
     762   0.26758125   0.06465205  46.80413720   8.09984983  53.47559294   0.07844874
     763   0.00940036   0.00732674  51.48069755   9.75594039  26.10400053   2.69002689
     764   0.06532488   0.02972759  52.18594860   9.73349433  46.37169125   0.21320553
     765   0.27695278   0.06594671  48.86080094   8.67424017  54.78296643   0.13141701
     766   0.38746013   0.07291709  54.01806913   7.33691856  73.97981343   1.31448094
     767   0.14388085   0.04211070  51.02134818   9.34290407  53.26529480   0.07028565
     768   0.55633173   0.07341598  48.44293017   8.56575424  60.15367219   0.38837222
     769   0.46319152   0.07938335  42.06899482   7.42580178  39.76347390   0.66962746
     770   0.38923720   0.07831227  49.94004269   8.00880485  62.10933637   0.49714116
     771   0.63472245   0.07384759  42.83762751   7.69084062  41.09784650   0.55803702
     772   0.08319056   0.02701290  50.53103712   9.56188512  50.62181023   0.02522418
     773   0.41920080   0.07446717  51.07403036   9.17727947  59.12274682   0.33423795
     774   0.22408414   0.05571621  49.63419677   9.15781135  59.74036634   0.36640069
     775   0.51451213   0.07396624  52.58359897   7.09100437  73.86875359   1.30568565
     776   0.20787946   0.05597411  52.85194851   8.25334118  66.15100932   0.74621873
     777   0.16437063   0.04117235  52.35587480   9.74300258  60.24808227   0.39344129
     778   0.78695547   0.07960296  51.16058848   9.37227034  55.20015335   0.14912114
     779   0.46083363   0.06875037  53.29727457   7.98074246  75.37428012   1.42660538
     780   0.55072516   0.07667313  51.62349307   8.75935262  61.05582834   0.43756866
     781   0.15413075   0.05153315  51.52290248   9.13398265  47.78844281   0.14282267
     782   0.11241984   0.04148509  50.94138373   9.26208723  40.38261242   0.61647624
     783   0.25250336   0.06312609  43.87806929   9.19117274  38.86269480   0.75140120
     784   0.09503722   0.03691141  50.94680582   9.21980703  50.04611026   0.04680881
     785   0.08124438   0.03712831  45.41316479   9.25134314  41.88047247   0.49757751
     786   0.15213591   0.03892982  49.29162121   9.21182377  50.05266674   0.04655668
     787   0.60135022   0.07444322  50.15311457   8.36670535  60.61663061   0.41340722
     788   0.02275692   0.01196760  50.48964204   9.69497533  35.80953677   1.07163136
     789   0.24547639   0.06186323  50.86668527   9.48964835  55.37351252   0.15659152
     790   0.52964508   0.09459368  41.99559192   8.35210890  39.67847260   0.67711567
     791   0.80158735   0.05503163  49.49618115   8.46002169  50.20788823   0.04063046
     792   0.23089812   0.06144875  49.49077971   9.61574672  61.07733158   0.43876184
     793   0.93619758   0.02421726  48.38735690   9.00807194  40.44631618   0.61114421
     794   0.82926109   0.05220031  48.03959202   9.06475776  54.21288119   0.10785053
     795   0.18693810   0.05758841  45.35447726   8.21549301  44.50430953   0.31936693
     796   0.24215428   0.05609706  56.55291086   9.17060187  81.47214969   1.95191260
     797   0.32465216   0.07589751  44.63363380   8.18906113  42.45255174   0.45559392
     798   0.15009690   0.04908381  47.71996922   9.11891112  42.65198453   0.44138338
     799   0.62965508   0.07311921  49.85987618   8.46047371  57.19741623   0.23919851
     800   0.18031613   0.06537098  50.20401562   9.72304807  47.75730801   0.14428139
     801   0.40421786   0.08375944  39.05144999   7.67865958  30.56173662   1.81130854
     802   0.46763523   0.07595817  54.04016548   8.42762502  70.43944395   1.04420775
     803   0.54864787   0.08084610  44.32485414   7.17953007  48.66124768   0.10346437
     804   0.09928437   0.03012011  54.94370371   9.54697152  59.17943830   0.33715656
     805   0.05299516   0.02378555  48.11664900   9.64984584  42.11730770   0.47997484
     806   0.41929950   0.08696528  43.16007296   8.85378416  43.66667551   0.37236795
     807   0.87158684   0.04600643  52.04026189   9.21175532  52.18305107   0.02984828
     808   0.45700623   0.07280688  52.52002923   7.41012216  75.76375654   1.45847446
     809   0.52715295   0.08327325  47.54080506   8.57921263  50.68030452   0.02309292
     810   0.72420511   0.06670378  51.97051633   8.33945430  60.27001518   0.39462157
     811   0.81837844   0.04676432  50.71845591   9.44582665  59.23054535   0.33979351
     812   0.25639959   0.07286960  42.39991322   8.32411159  35.49105332   1.10921660
     813   0.49821165   0.07902811  45.63411630   7.97523409  50.24171374   0.03934989
     814   0.05485129   0.02524926  52.95782098   9.96310796  42.07820697   0.48285921
     815   0.20124938   0.05270861  44.81868150   8.55393480  41.25533176   0.54558331
     816   0.35229194   0.07667781  40.64980553   7.98278867  37.34072885   0.90230247
     817   0.70351699   0.06807143  48.23502137   9.31245470  47.17679604   0.17219176
     818   0.33614382   0.07716969  49.12922548   8.85576000  54.23903039   0.10891564
     819   0.59119411   0.08169243  39.87479924   7.31834486  34.52916390   1.22797700
     820   0.11722507   0.03573955  51.11196222   9.30950218  52.24676820   0.03215602
     821   0.55934593   0.07258624  55.21992491   8.39215968  72.73424692   1.21699743
     822   0.39033180   0.07647305  54.56918886   8.91999713  68.05632558   0.87448461
     823   0.65572367   0.07693980  48.88936780   8.51426492  55.44022248   0.15948391
     824   0.70439334   0.07514920  47.58525261   8.72559753  53.37884634   0.07468103
     825   0.28576380   0.06585083  42.90648302   8.70364952  38.16486453   0.81853885
     826   0.17880379   0.04679086  51.62079735   9.83155399  51.95160013   0.02154243
     827   0.11526658   0.04765849  53.86692959   9.93491097  49.34928478   0.07445736
     828   0.26332441   0.05708781  54.53045314   8.95085769  73.99388397   1.31559668
     829   0.09436431   0.03821542  50.62894984   9.56654945  40.82048567   0.58033029
     830   0.16647018   0.04807743  48.33272728   8.76484421  57.32533829   0.24526526
     831   0.48039533   0.07484262  50.28009499   7.49517878  64.87043691   0.66385105
     832   0.11546419   0.03717568  50.41068759   9.48784503  48.59565778   0.10632094
     833   0.54911346   0.07602500  47.19012584   8.02782444  51.46946899   0.00462831
     834   0.17444909   0.05530383  49.33449384   8.93197787  42.98148327   0.41837631
     835   0.20050210   0.05721823  46.00858596   8.86936850  45.27833242   0.27341892
     836   0.85857003   0.04406922  50.16627954   9.72856198  48.22019414   0.12298656
     837   0.19381440   0.05129524  53.75350515   9.17277291  65.00952645   0.67264518
     838   0.81629204   0.05321438  45.54094621   8.61556640  49.52444896   0.06734654
     839   0.30038831   0.07646203  48.15171933   9.22960046  46.94803791   0.18356816
     840   0.60161135   0.07614715  48.93981361   7.88772674  55.62414135   0.16750920
     841   0.27179853   0.06430797  49.93391558   8.36718720  58.19279798   0.28733907
     842   0.77640347   0.05183186  53.31750270   8.24605272  66.46255356   0.76672906
     843   0.56753153   0.08181224  52.07633737   9.36814259  60.46424976   0.40511778
     844   0.34228826   0.06626182  53.04392780   7.24799785  67.58509922   0.84213613
     845   0.48781441   0.08334369  42.79669986   7.30190240  42.17445216   0.47577481
     846   0.09459132   0.03896997  51.58807782   9.66421801  50.05411084   0.04650117
     847   0.33258554   0.06996640  53.23254927   8.82368170  68.27021289   0.88930123
     848   0.49282185   0.07939508  54.79582305   8.93807872  74.16181549   1.32893775
     849   0.19427750   0.05155162  53.18347042   9.68138826  50.25683195   0.03877880
     850   0.70071687   0.07575057  47.98789511   8.02315246  48.16574361   0.12544822
     851   0.37684163   0.06619228  56.77217614   9.32975672  72.72632412   1.21638556
     852   0.51917356   0.08748750  42.97897096   7.31363068  39.98089243   0.65068556
     853   0.03589853   0.01515816  49.55724506   9.78849031  35.88856635   1.06243481
     854   0.65892980   0.07302319  51.00180657   9.46782777  48.49446261   0.11075994
     855   0.68795999   0.07242424  47.81456173   8.83470788  48.84659804   0.09547890
     856   0.10641921   0.03907257  49.98387964   9.30746741  55.79016021   0.17481758
     857   0.16723951   0.04860760  57.35938004  10.04250069  60.15609107   0.38850187
     858   0.42464159   0.07880032  49.39304783   8.88086609  57.32566002   0.24528056
     859   0.11821068   0.03764485  51.66399990   9.67251807  53.47349688   0.07836689
     860   0.83659819   0.04816707  50.50936926  10.07831882  47.10363983   0.17580634
     861   0.00922695   0.00810690  51.62562680  10.32283356  24.43731581   3.09598505
     862   0.74690055   0.06900206  43.78398179   7.82076926  45.39053297   0.26699145
     863   0.47344142   0.08705406  43.48540311   9.35141881  40.58263319   0.59981874
     864   0.26532833   0.06294022  54.21660886   9.09064002  65.91069472   0.73052303
     865   0.19404668   0.05094909  55.18335067   8.81619659  61.97297660   0.48930283
     866   0.03071488   0.02430254  52.80366671  10.37673559  39.03860511   0.73500656
     867   0.27950347   0.05934842  56.63710190   9.59193219  70.93312829   1.08061972
     868   0.27242237   0.05596203  55.98479778   9.07422029  68.78770890   0.92549293
     869   0.32437006   0.07871472  49.09104203   9.52330643  56.36181959   0.20044729
     870   0.66200402   0.06602081  53.96849052   7.49565202  73.35888261   1.26556519
     871   0.10794126   0.03660498  48.89712310   9.19011321  42.58787605   0.44592777
     872   0.39389030   0.07219576  49.00815060   8.88779298  54.03897464   0.10080583
     873   0.48229668   0.07463044  49.40195596   7.33939135  58.33718026   0.29449929
     874   0.09962220   0.04072848  51.39210300  10.28263249  41.66619905   0.51377769
     875   0.20490229   0.05143774  50.47750202   8.20762951  54.65274749   0.12597014
     876   0.32941315   0.06555490  50.98872895   9.47070063  64.40615281   0.63476752
     877   0.65088564   0.06625393  48.18803072   7.33675799  56.28753172   0.19707607
     878   0.09643362   0.03038438  53.01383553   9.81398195  53.22446371   0.06871222
     879   0.56694529   0.08361430  42.94200189   7.11556785  45.11235894   0.28303368
     880   0.11550651   0.03544553  48.53103341   9.37598028  50.98748381   0.01208423
     881   0.07253023   0.03146806  50.43599801   9.72513920  44.36488848   0.32794808
     882   0.26731892   0.06762162  54.79682510   9.75588844  73.80780268   1.30086723
     883   0.36163590   0.06963249  51.10352154   8.45204441  58.64257502   0.30979156
     884   0.52771320   0.09431375  43.70033016   7.63928654  43.80679490   0.36325756
     885   0.22905827   0.06141693  45.28488848   7.99874728  43.18905562   0.40417971
     886   0.13092138   0.03698287  47.35603689   8.81011720  43.57074586   0.37866286
     887   0.52167907   0.08210517  44.79592368   7.47478703  43.17994975   0.40479773
     888   0.48913030   0.07696793  50.88688732   8.03309124  63.37543673   0.57170929
     889   0.16692337   0.04692645  52.26672188   9.08339718  48.68887291   0.10226607
     890   0.05826718   0.01931940  46.51271772   9.45190944  40.83909295   0.57882022
     891   0.34237941   0.06975461  49.89590657   8.60682140  54.87091742   0.13511722
     892   0.37777423   0.07839130  44.84558199   8.18642923  44.00884998   0.35029480
     893   0.26150452   0.06154025  42.99066447   8.00248143  43.35239098   0.39316778
     894   0.04153913   0.01568091  52.48072390   9.88870839  46.17029027   0.22389819
     895   0.55856935   0.07928256  41.06008846   7.74914823  38.06068800   0.82885523
     896   0.70122937   0.07757285  38.23922168   7.65444488  37.01366828   0.93693910
     897   0.10967747   0.03018267  54.41993716   9.54571147  64.61818607   0.64799769
     898   0.64099366   0.08068099  49.97747563   8.22971791  57.55923354   0.25644962
     899   0.37196599   0.07635200  43.69866638   7.32691656  41.39671168   0.53452783
     900   0.56601250   0.07827674  45.49144994   8.72191339  47.07103773   0.17742430
     901   0.50688977   0.08002929  57.73271485   8.06220636  76.91791478   1.55430344
     902   0.12398981   0.03679754  47.45806535   9.45073678  44.46332677   0.32187954
     903   0.14290151   0.04654382  47.14440673   9.13037796  45.84702796   0.24143285
     904   0.00824209   0.00532354  50.00689547   9.64060078  26.02541779   2.70810752
     905   0.03625690   0.02678848  53.27194089   9.92209409  34.80403601   1.19321825
     906   0.03319784   0.01445997  50.95719064  10.11415136  47.17315342   0.17237122
     907   0.38054890   0.07828833  44.71679870   8.46756173  48.46562470   0.11203202
     908   0.66403822   0.07479768  50.28448216   8.54225485  65.36816827   0.69549278
     909   0.40692899   0.07646304  42.70018598   7.17494864  45.84858990   0.24134701
     910   0.82977377   0.05280968  46.26101521   8.61237877  44.30445117   0.33169738
     911   0.16238909   0.04416198  53.95797147   9.13586094  50.91804096   0.01454614
     912   0.26418689   0.06786024  53.79670641  10.28353117  60.47599522   0.40575501
     913   0.75549210   0.06926556  46.55597956   8.37834638  54.26917815   0.11014551
     914   0.43311588   0.07594062  52.98382612   7.91559281  72.74441782   1.21778307
     915   0.73120199   0.06245502  45.67649031   7.77649917  53.37982918   0.07471920
     916   0.04359994   0.01864679  50.98320547   9.81653153  41.26681348   0.54468109
     917   0.10045222   0.03421784  47.34029949   9.29183367  41.05047846   0.56181165
     918   0.69936958   0.08226051  49.32833921   7.88385037  58.97524930   0.32667640
     919   0.34814637   0.06753337  51.13827809   8.17818034  58.69427510   0.31240011
     920   0.06360818   0.02286624  46.36483234   9.32375697  32.39808053   1.52131081
     921   0.53910211   0.08763102  42.30167074   8.15242055  37.71016185   0.86414057
     922   0.87426191   0.04631604  50.43793647   9.72206040  52.23457739   0.03171378
     923   0.76093880   0.06499820  44.46255728   8.77314499  47.22539522   0.16980269
     924   0.64853468   0.07860960  47.37678694   9.09931906  48.56984410   0.10744960
     925   0.21633330   0.05734046  43.96852979   8.67549205  47.94138920   0.13571243
     926   0.40937875   0.06961072  52.33327666   8.61146613  63.24576535   0.56392473
     927   0.28290605   0.06532838  50.18455451   7.85459100  58.30686505   0.29299218
     928   0.15223795   0.04126775  50.02078992   9.31359344  49.90228674   0.05237671
     929   0.69801347   0.06089070  57.80632281   8.27183896  64.64878119   0.64991394
     930   0.87386909   0.03963423  45.73305483   8.71093471  49.60658520   0.06404972
     931   0.61271877   0.07291823  51.12473395   9.23645255  64.83846823   0.66183507
     932   0.64684472   0.06593567  54.13179289   8.61898244  64.70179844   0.65323886
     933   0.85389714   0.05071300  48.67293284   9.28338019  48.46639011   0.11199822
     934   0.00901761   0.00484145  49.84628749  10.12428253  24.84813431   2.99139710
     935   0.49728686   0.08183439  48.16249678   7.69227261  58.32613328   0.29394986
     936   0.19674262   0.05643079  51.35926247   9.04429260  65.56291260   0.70800254
     937   0.03287463   0.01420159  46.99467454  10.06066965  32.80901890   1.46131384
     938   0.56866958   0.07420258  48.41161619   9.12061261  59.97781564   0.37897984
     939   0.65501371   0.07981474  46.07136523   8.21732759  46.45428411   0.20887140
     940   0.11995661   0.04003066  50.93676031   9.52746522  43.46722046   0.38550918
     941   0.05843230   0.02293100  50.39325061   9.89254312  44.80781061   0.30101165
     942   0.01912717   0.01526677  50.32358999  10.11991003  27.17252006   2.45385440
     943   0.69924742   0.06365881  54.62644636   8.51100536  73.75049290   1.29634213
     944   0.77246632   0.05437497  53.28417772   9.42299819  59.05869936   0.33094885
     945   0.10081239   0.04107427  47.18695163   9.69264959  39.81694333   0.66494097
     946   0.79567610   0.05643831  56.37929962   8.73944306  59.22641146   0.33958001
     947   0.35693309   0.06872308  56.13486497   8.72936507  74.66182706   1.36893012
     948   0.44820549   0.08145450  48.62541957   7.85352871  55.97632642   0.18308522
     949   0.33725169   0.07582007  45.51039001   8.33296569  44.28659597   0.33280848
     950   0.13115984   0.04150424  48.78251598   9.36310122  46.89205477   0.18638539
     951   0.31018642   0.06482057  61.41907284   9.54155927  88.03836898   2.57564168
     952   0.63995607   0.06968795  47.32276621   8.48463128  49.76096861   0.05791726
     953   0.06884814   0.02420278  47.95441951   9.94474532  38.06253589   0.82867156
     954   0.32544167   0.07928376  54.53845897  10.06396320  75.77191498   1.45914458
     955   0.14072201   0.03596026  49.40234006   9.56189409  48.88623272   0.09378787
     956   0.77700536   0.06334693  43.19896711   8.71137253  43.36163070   0.39254901
     957   0.21108824   0.05495034  50.31310850   8.85223417  54.54607077   0.12153614
     958   0.15792014   0.04046727  48.16565165   9.93979151  45.67532018   0.25093595
     959   0.52156978   0.08433808  46.70112415   8.27417916  51.40888884   0.00254009
     960   0.43907581   0.07260647  49.94315902   7.62863196  61.59732328   0.46790498
     961   0.45703219   0.07294474  47.15082330   7.45940890  54.94211447   0.13812516
     962   0.05296122   0.02158541  52.58407916  10.02183232  56.58866717   0.21081659
     963   0.13292595   0.03752136  45.41597610   9.10974460  41.81990580   0.50213007
     964   0.57342359   0.08286082  52.16209914   7.84455599  63.42631285   0.57477266
     965   0.00213154   0.00254764  50.74256334  10.53036838  15.66019507   6.32089056
     966   0.10735935   0.03592628  49.37658339   9.81227635  52.39165960   0.03743779
     967   0.18320974   0.04753828  44.89496270   9.07833348  38.87121959   0.75060185
     968   0.58627761   0.08157942  45.35079421   7.67364524  46.46939700   0.20808151
     969   0.08335266   0.02868658  53.04251110   9.91928846  58.50391593   0.30282365
     970   0.49956300   0.07257917  54.97850366   7.30820358  71.36327223   1.11268816
     971   0.48850219   0.07830392  55.86644478   8.46236755  70.81461817   1.07184043
     972   0.61275363   0.07918148  44.28396451   7.69904279  44.28634814   0.33282391
     973   0.16776584   0.04282125  49.01162318   8.46009903  52.28705956   0.03362003
     974   0.72144662   0.07410482  46.05017580   7.87658661  48.40312311   0.11479989
     975   0.38493289   0.07517159  47.73561506   8.20084988  48.80078798   0.09744065
     976   0.13753885   0.03933129  46.57964080   9.07321765  42.87846458   0.42550698
     977   0.56105962   0.07594750  46.06883168   7.67849574  53.16007330   0.06623855
     978   0.80448506   0.05532943  48.17366498   9.17905014  57.22317973   0.24041750
     979   0.26905147   0.06256415  50.88692620   9.27772475  58.11160724   0.28333232
     980   0.10312973   0.03567655  49.59673488  10.04478464  51.75991528   0.01475501
     981   0.92280975   0.03345621  49.26713292   9.16806790  44.62543452   0.31198839
     982   0.60631072   0.07589251  50.43007932   7.01575640  69.03140124   0.94270294
     983   0.91561151   0.03351680  53.60464902   9.59009334  42.49470766   0.45257200
     984   0.93511603   0.02888338  49.82968941   9.34503036  38.87480377   0.75026592
     985   0.75313300   0.05625131  58.02859613   9.39870888  81.73320495   1.97560907
     986   0.17297539   0.04800607  49.33580146   9.35536226  50.02164050   0.04775110
     987   0.12283252   0.03881920  48.79925453   9.99542447  39.58272623   0.68560661
     988   0.00498262   0.00289282  51.22916303  10.36868216  18.44743719   5.04515210
     989   0.58548878   0.07102935  57.91592616   8.20898468  78.59412194   1.69709952
     990   0.03362029   0.01265240  48.47196243   9.55185901  37.49164517   0.88659094
     991   0.16637783   0.04429814  54.82217602   9.80414276  70.68043513   1.06192940
     992   0.27828631   0.07017988  45.97818409   8.60220947  46.17731263   0.22352239
     993   0.52835601   0.07794834  50.50702432   8.05745587  60.83199788   0.42520527
     994   0.19817766   0.04570312  54.63002347   9.53205697  70.93815416   1.08099257
     995   0.13522745   0.03982653  48.41829067   9.11806249  41.16282611   0.55288071
     996   0.14713606   0.04037343  54.26689164   9.63812298  59.19553353   0.33798642
     997   0.74634951   0.06242529  45.27538616   8.05783074  41.32956910   0.53976354
     998   0.83489981   0.05781243  49.02155583   8.45091327  49.10161762   0.08469939
     999   0.93735564   0.02155399  51.04095705   9.76190969  43.82073879   0.36235640
    1000   0.73770290   0.07284690  45.44778582   8.04909182  43.99613054   0.35110477
